| 2020:06:24 21:06:42,431 | I | root | ------
| 2020:06:24 21:06:42,461 | I | root | lib/log_util.py +50 <module> All Logs written in ./log/run.log
| 2020:06:24 21:06:43,128 | D | asyncio | Using selector: EpollSelector
| 2020:06:24 21:06:43,201 | I | root | lib/conn_util.py +39 MongoMixin MONGO	User Database has been Initialized!
| 2020:06:24 21:06:43,234 | I | root | lib/conn_util.py +58 MongoMixin MONGO	Service Database has been Initialized!
| 2020:06:24 21:06:43,259 | I | root | lib/conn_util.py +77 MongoMixin MONGO	Service Database has been Initialized!
| 2020:06:24 21:06:43,264 | E | STDERR | Traceback (most recent call last):
| 2020:06:24 21:06:43,264 | E | STDERR |   File "./run.py", line 4, in <module>
| 2020:06:24 21:06:43,264 | E | STDERR |     from common import *
| 2020:06:24 21:06:43,264 | E | STDERR |   File "/home/nilanjan/projects/ohzas/server_v2/web/common.py", line 17, in <module>
| 2020:06:24 21:06:43,264 | E | STDERR |     from .med.medservicelist import MedServiceListHandler
| 2020:06:24 21:06:43,265 | E | STDERR |   File "/home/nilanjan/projects/ohzas/server_v2/web/med/medservicelist.py", line 290
| 2020:06:24 21:06:43,265 | E | STDERR |     profile = yield self.profile.find(
| 2020:06:24 21:06:43,265 | E | STDERR |                                      ^
| 2020:06:24 21:06:43,265 | E | STDERR | TabError: inconsistent use of tabs and spaces in indentation
| 2020:06:24 21:07:09,200 | I | root | ------
| 2020:06:24 21:07:09,229 | I | root | lib/log_util.py +50 <module> All Logs written in ./log/run.log
| 2020:06:24 21:07:09,637 | D | asyncio | Using selector: EpollSelector
| 2020:06:24 21:07:09,707 | I | root | lib/conn_util.py +39 MongoMixin MONGO	User Database has been Initialized!
| 2020:06:24 21:07:09,735 | I | root | lib/conn_util.py +58 MongoMixin MONGO	Service Database has been Initialized!
| 2020:06:24 21:07:09,761 | I | root | lib/conn_util.py +77 MongoMixin MONGO	Service Database has been Initialized!
| 2020:06:24 21:07:09,766 | E | STDERR | Traceback (most recent call last):
| 2020:06:24 21:07:09,766 | E | STDERR |   File "./run.py", line 4, in <module>
| 2020:06:24 21:07:09,766 | E | STDERR |     from common import *
| 2020:06:24 21:07:09,766 | E | STDERR |   File "/home/nilanjan/projects/ohzas/server_v2/web/common.py", line 17, in <module>
| 2020:06:24 21:07:09,766 | E | STDERR |     from .med.medservicelist import MedServiceListHandler
| 2020:06:24 21:07:09,766 | E | STDERR |   File "/home/nilanjan/projects/ohzas/server_v2/web/med/medservicelist.py", line 290
| 2020:06:24 21:07:09,767 | E | STDERR |     profile = yield self.profile.find(
| 2020:06:24 21:07:09,767 | E | STDERR |                                      ^
| 2020:06:24 21:07:09,767 | E | STDERR | TabError: inconsistent use of tabs and spaces in indentation
| 2020:06:24 21:08:47,691 | I | root | ------
| 2020:06:24 21:08:47,721 | I | root | lib/log_util.py +50 <module> All Logs written in ./log/run.log
| 2020:06:24 21:08:48,135 | D | asyncio | Using selector: EpollSelector
| 2020:06:24 21:08:48,204 | I | root | lib/conn_util.py +39 MongoMixin MONGO	User Database has been Initialized!
| 2020:06:24 21:08:48,234 | I | root | lib/conn_util.py +58 MongoMixin MONGO	Service Database has been Initialized!
| 2020:06:24 21:08:48,265 | I | root | lib/conn_util.py +77 MongoMixin MONGO	Service Database has been Initialized!
| 2020:06:24 21:08:48,605 | I | root | run.py +111 __init__ APP	Running Tornado Application Port - [ 2331 ]
| 2020:06:24 21:08:56,364 | I | root | lib/fernet_crypto.py +65 FN_DECRYPT 	
| 2020:06:24 21:08:56,366 | I | root | lib/xen_protocol.py +54 require_auth Authorization	5e170f64f4b2b2d70ee12cca
| 2020:06:24 21:08:56,367 | I | root | lib/fernet_crypto.py +65 FN_DECRYPT 	
| 2020:06:24 21:08:56,368 | I | root | lib/xen_protocol.py +71 require_auth x-Origin-Key	5e551060234c5ff26752bd45
| 2020:06:24 21:08:56,369 | I | root | lib/xen_protocol.py +86 require_auth x-Api-Key	5e58fd693bf1f7d832254c76
| 2020:06:24 21:08:56,387 | D | root | med/medservicelist.py +247 get RSP	{'code': 4003, 'status': False, 'message': 'You are not authorized.'}
| 2020:06:24 21:08:56,388 | W | tornado.access | 401 GET /v2/web/api/med/servicelist (::1) 121.06ms
| 2020:06:24 21:15:08,242 | I | root | ------
| 2020:06:24 21:15:08,267 | I | root | lib/log_util.py +50 <module> All Logs written in ./log/run.log
| 2020:06:24 21:15:08,683 | D | asyncio | Using selector: EpollSelector
| 2020:06:24 21:15:08,756 | I | root | lib/conn_util.py +39 MongoMixin MONGO	User Database has been Initialized!
| 2020:06:24 21:15:08,792 | I | root | lib/conn_util.py +58 MongoMixin MONGO	Service Database has been Initialized!
| 2020:06:24 21:15:08,828 | I | root | lib/conn_util.py +77 MongoMixin MONGO	Service Database has been Initialized!
| 2020:06:24 21:15:08,853 | I | root | run.py +111 __init__ APP	Running Tornado Application Port - [ 2331 ]
| 2020:06:24 21:15:15,289 | I | root | lib/fernet_crypto.py +65 FN_DECRYPT 	
| 2020:06:24 21:15:15,291 | I | root | lib/xen_protocol.py +54 require_auth Authorization	5e170f64f4b2b2d70ee12cca
| 2020:06:24 21:15:15,293 | I | root | lib/fernet_crypto.py +65 FN_DECRYPT 	
| 2020:06:24 21:15:15,294 | I | root | lib/xen_protocol.py +71 require_auth x-Origin-Key	5e551060234c5ff26752bd45
| 2020:06:24 21:15:15,296 | I | root | lib/xen_protocol.py +86 require_auth x-Api-Key	5e58fd693bf1f7d832254c76
| 2020:06:24 21:15:15,310 | D | root | med/medservicelist.py +247 get RSP	{'code': 4003, 'status': False, 'message': 'You are not authorized.'}
| 2020:06:24 21:15:15,310 | W | tornado.access | 401 GET /v2/web/api/med/servicelist (::1) 27.23ms
| 2020:06:24 21:17:02,735 | I | root | lib/fernet_crypto.py +65 FN_DECRYPT 	
| 2020:06:24 21:17:02,736 | I | root | lib/xen_protocol.py +54 require_auth Authorization	5d232de88d26f4bb9e11367b
| 2020:06:24 21:17:02,738 | I | root | lib/fernet_crypto.py +65 FN_DECRYPT 	
| 2020:06:24 21:17:02,739 | I | root | lib/xen_protocol.py +71 require_auth x-Origin-Key	5e551060234c5ff26752bd45
| 2020:06:24 21:17:02,740 | I | root | lib/xen_protocol.py +86 require_auth x-Api-Key	5e58fd693bf1f7d832254c76
| 2020:06:24 21:17:02,743 | I | root | med/medservicelist.py +125 get PID	5e59000d0084789922277bde
| 2020:06:24 21:17:02,746 | I | root | med/medservicelist.py +142 get 502022.0	
| 2020:06:24 21:17:02,756 | D | root | med/medservicelist.py +247 get RSP	{'code': 2000, 'status': True, 'message': 'List of services'}
| 2020:06:24 21:17:02,758 | I | tornado.access | 200 GET /v2/web/api/med/servicelist (::1) 25.87ms
| 2020:06:24 21:17:04,490 | I | root | lib/fernet_crypto.py +65 FN_DECRYPT 	
| 2020:06:24 21:17:04,491 | I | root | lib/xen_protocol.py +54 require_auth Authorization	5d232de88d26f4bb9e11367b
| 2020:06:24 21:17:04,492 | I | root | lib/fernet_crypto.py +65 FN_DECRYPT 	
| 2020:06:24 21:17:04,493 | I | root | lib/xen_protocol.py +71 require_auth x-Origin-Key	5e551060234c5ff26752bd45
| 2020:06:24 21:17:04,494 | I | root | lib/xen_protocol.py +86 require_auth x-Api-Key	5e58fd693bf1f7d832254c76
| 2020:06:24 21:17:04,497 | I | root | med/medservicelist.py +125 get PID	5e59000d0084789922277bde
| 2020:06:24 21:17:04,501 | I | root | med/medservicelist.py +142 get 502022.0	
| 2020:06:24 21:17:04,507 | D | root | med/medservicelist.py +247 get RSP	{'code': 2000, 'status': True, 'message': 'List of services'}
| 2020:06:24 21:17:04,508 | I | tornado.access | 200 GET /v2/web/api/med/servicelist (::1) 20.50ms
| 2020:06:24 21:21:48,357 | I | tornado.general | /home/nilanjan/projects/ohzas/server_v2/web/med/medservicelist.py modified; restarting server
| 2020:06:24 21:21:48,437 | I | root | ------
| 2020:06:24 21:21:48,467 | I | root | lib/log_util.py +50 <module> All Logs written in ./log/run.log
| 2020:06:24 21:21:48,902 | D | asyncio | Using selector: EpollSelector
| 2020:06:24 21:21:48,964 | I | root | lib/conn_util.py +39 MongoMixin MONGO	User Database has been Initialized!
| 2020:06:24 21:21:48,990 | I | root | lib/conn_util.py +58 MongoMixin MONGO	Service Database has been Initialized!
| 2020:06:24 21:21:49,017 | I | root | lib/conn_util.py +77 MongoMixin MONGO	Service Database has been Initialized!
| 2020:06:24 21:21:49,019 | E | STDERR | Traceback (most recent call last):
| 2020:06:24 21:21:49,020 | E | STDERR |   File "./run.py", line 4, in <module>
| 2020:06:24 21:21:49,020 | E | STDERR |     from common import *
| 2020:06:24 21:21:49,020 | E | STDERR |   File "/home/nilanjan/projects/ohzas/server_v2/web/common.py", line 17, in <module>
| 2020:06:24 21:21:49,020 | E | STDERR |     from .med.medservicelist import MedServiceListHandler
| 2020:06:24 21:21:49,020 | E | STDERR |   File "/home/nilanjan/projects/ohzas/server_v2/web/med/medservicelist.py", line 290
| 2020:06:24 21:21:49,020 | E | STDERR |     profile = yield self.profile.find(
| 2020:06:24 21:21:49,020 | E | STDERR |                                      ^
| 2020:06:24 21:21:49,020 | E | STDERR | TabError: inconsistent use of tabs and spaces in indentation
| 2020:06:24 22:01:42,761 | I | root | ------
| 2020:06:24 22:01:42,788 | I | root | lib/log_util.py +50 <module> All Logs written in ./log/run.log
| 2020:06:24 22:01:43,217 | D | asyncio | Using selector: EpollSelector
| 2020:06:24 22:01:43,292 | I | root | lib/conn_util.py +39 MongoMixin MONGO	User Database has been Initialized!
| 2020:06:24 22:01:43,325 | I | root | lib/conn_util.py +58 MongoMixin MONGO	Service Database has been Initialized!
| 2020:06:24 22:01:43,368 | I | root | lib/conn_util.py +77 MongoMixin MONGO	Service Database has been Initialized!
| 2020:06:24 22:01:43,388 | I | root | run.py +111 __init__ APP	Running Tornado Application Port - [ 2331 ]
| 2020:06:24 22:02:01,831 | I | root | lib/fernet_crypto.py +65 FN_DECRYPT 	
| 2020:06:24 22:02:01,835 | I | root | lib/xen_protocol.py +54 require_auth Authorization	5d232de88d26f4bb9e11367b
| 2020:06:24 22:02:01,837 | I | root | lib/fernet_crypto.py +65 FN_DECRYPT 	
| 2020:06:24 22:02:01,842 | I | root | lib/xen_protocol.py +71 require_auth x-Origin-Key	5e551060234c5ff26752bd45
| 2020:06:24 22:02:01,843 | I | root | lib/xen_protocol.py +86 require_auth x-Api-Key	5e58fd693bf1f7d832254c76
| 2020:06:24 22:02:01,860 | I | root | med/medservicelist.py +308 post PID	5e59000d0084789922277bde
| 2020:06:24 22:02:01,869 | I | root | med/medservicelist.py +325 post 502022.0	
| 2020:06:24 22:02:01,872 | W | root | med/medservicelist.py +427 post EXC	Exception: NameError. Argument: ("name 'unicode' is not defined",)
| 2020:06:24 22:02:01,877 | D | root | med/medservicelist.py +431 post EX2	FILE: /home/nilanjan/projects/ohzas/server_v2/web/med/medservicelist.py LINE: 332 TYPE: <class 'NameError'>
| 2020:06:24 22:02:01,878 | D | root | med/medservicelist.py +437 post RSP	{'code': 5010, 'status': False, 'message': 'Internal Error Please Contact the Support Team.'}
| 2020:06:24 22:02:01,879 | I | tornado.access | 200 POST /v2/web/api/med/servicelist (::1) 53.69ms
| 2020:06:24 22:03:48,394 | I | tornado.general | /home/nilanjan/projects/ohzas/server_v2/web/med/medservicelist.py modified; restarting server
| 2020:06:24 22:03:48,478 | I | root | ------
| 2020:06:24 22:03:48,504 | I | root | lib/log_util.py +50 <module> All Logs written in ./log/run.log
| 2020:06:24 22:03:48,917 | D | asyncio | Using selector: EpollSelector
| 2020:06:24 22:03:48,980 | I | root | lib/conn_util.py +39 MongoMixin MONGO	User Database has been Initialized!
| 2020:06:24 22:03:49,013 | I | root | lib/conn_util.py +58 MongoMixin MONGO	Service Database has been Initialized!
| 2020:06:24 22:03:49,039 | I | root | lib/conn_util.py +77 MongoMixin MONGO	Service Database has been Initialized!
| 2020:06:24 22:03:49,055 | I | root | run.py +111 __init__ APP	Running Tornado Application Port - [ 2331 ]
| 2020:06:24 22:03:51,878 | I | root | ------
| 2020:06:24 22:03:51,908 | I | root | lib/log_util.py +50 <module> All Logs written in ./log/run.log
| 2020:06:24 22:03:52,340 | D | asyncio | Using selector: EpollSelector
| 2020:06:24 22:03:52,416 | I | root | lib/conn_util.py +39 MongoMixin MONGO	User Database has been Initialized!
| 2020:06:24 22:03:52,442 | I | root | lib/conn_util.py +58 MongoMixin MONGO	Service Database has been Initialized!
| 2020:06:24 22:03:52,468 | I | root | lib/conn_util.py +77 MongoMixin MONGO	Service Database has been Initialized!
| 2020:06:24 22:03:52,486 | I | root | run.py +111 __init__ APP	Running Tornado Application Port - [ 2331 ]
| 2020:06:24 22:03:57,773 | I | root | lib/fernet_crypto.py +65 FN_DECRYPT 	
| 2020:06:24 22:03:57,775 | I | root | lib/xen_protocol.py +54 require_auth Authorization	5d232de88d26f4bb9e11367b
| 2020:06:24 22:03:57,777 | I | root | lib/fernet_crypto.py +65 FN_DECRYPT 	
| 2020:06:24 22:03:57,779 | I | root | lib/xen_protocol.py +71 require_auth x-Origin-Key	5e551060234c5ff26752bd45
| 2020:06:24 22:03:57,780 | I | root | lib/xen_protocol.py +86 require_auth x-Api-Key	5e58fd693bf1f7d832254c76
| 2020:06:24 22:03:57,790 | I | root | med/medservicelist.py +308 post PID	5e59000d0084789922277bde
| 2020:06:24 22:03:57,794 | I | root | med/medservicelist.py +325 post 502022.0	
| 2020:06:24 22:03:57,804 | D | root | med/medservicelist.py +436 post RSP	{'code': 2000, 'status': True, 'message': 'Service has been added'}
| 2020:06:24 22:03:57,807 | I | tornado.access | 200 POST /v2/web/api/med/servicelist (::1) 41.94ms
| 2020:06:24 22:04:05,031 | I | root | lib/fernet_crypto.py +65 FN_DECRYPT 	
| 2020:06:24 22:04:05,033 | I | root | lib/xen_protocol.py +54 require_auth Authorization	5d232de88d26f4bb9e11367b
| 2020:06:24 22:04:05,035 | I | root | lib/fernet_crypto.py +65 FN_DECRYPT 	
| 2020:06:24 22:04:05,037 | I | root | lib/xen_protocol.py +71 require_auth x-Origin-Key	5e551060234c5ff26752bd45
| 2020:06:24 22:04:05,039 | I | root | lib/xen_protocol.py +86 require_auth x-Api-Key	5e58fd693bf1f7d832254c76
| 2020:06:24 22:04:05,041 | I | root | med/medservicelist.py +125 get PID	5e59000d0084789922277bde
| 2020:06:24 22:04:05,043 | I | root | med/medservicelist.py +142 get 502022.0	
| 2020:06:24 22:04:05,047 | D | root | med/medservicelist.py +247 get RSP	{'code': 2000, 'status': True, 'message': 'List of services'}
| 2020:06:24 22:04:05,048 | I | tornado.access | 200 GET /v2/web/api/med/servicelist (::1) 19.49ms
| 2020:06:24 22:17:27,993 | I | tornado.general | /home/nilanjan/projects/ohzas/server_v2/web/med/medservicelist.py modified; restarting server
| 2020:06:24 22:17:28,154 | I | root | ------
| 2020:06:24 22:17:28,216 | I | root | lib/log_util.py +50 <module> All Logs written in ./log/run.log
| 2020:06:24 22:17:28,754 | D | asyncio | Using selector: EpollSelector
| 2020:06:24 22:17:28,829 | I | root | lib/conn_util.py +39 MongoMixin MONGO	User Database has been Initialized!
| 2020:06:24 22:17:28,870 | I | root | lib/conn_util.py +58 MongoMixin MONGO	Service Database has been Initialized!
| 2020:06:24 22:17:28,906 | I | root | lib/conn_util.py +77 MongoMixin MONGO	Service Database has been Initialized!
| 2020:06:24 22:17:28,909 | E | STDERR | Traceback (most recent call last):
| 2020:06:24 22:17:28,909 | E | STDERR |   File "./run.py", line 4, in <module>
| 2020:06:24 22:17:28,910 | E | STDERR |     from common import *
| 2020:06:24 22:17:28,910 | E | STDERR |   File "/home/nilanjan/projects/ohzas/server_v2/web/common.py", line 17, in <module>
| 2020:06:24 22:17:28,910 | E | STDERR |     from .med.medservicelist import MedServiceListHandler
| 2020:06:24 22:17:28,910 | E | STDERR |   File "/home/nilanjan/projects/ohzas/server_v2/web/med/medservicelist.py", line 674
| 2020:06:24 22:17:28,910 | E | STDERR |     async def delete(self):
| 2020:06:24 22:17:28,910 | E | STDERR |     ^
| 2020:06:24 22:17:28,910 | E | STDERR | IndentationError: unexpected indent
| 2020:06:24 22:21:41,195 | I | root | ------
| 2020:06:24 22:21:41,221 | I | root | lib/log_util.py +50 <module> All Logs written in ./log/run.log
| 2020:06:24 22:21:41,643 | D | asyncio | Using selector: EpollSelector
| 2020:06:24 22:21:41,723 | I | root | lib/conn_util.py +39 MongoMixin MONGO	User Database has been Initialized!
| 2020:06:24 22:21:41,759 | I | root | lib/conn_util.py +58 MongoMixin MONGO	Service Database has been Initialized!
| 2020:06:24 22:21:41,797 | I | root | lib/conn_util.py +77 MongoMixin MONGO	Service Database has been Initialized!
| 2020:06:24 22:21:41,948 | E | STDERR | Traceback (most recent call last):
| 2020:06:24 22:21:41,948 | E | STDERR |   File "./run.py", line 4, in <module>
| 2020:06:24 22:21:41,948 | E | STDERR |     from common import *
| 2020:06:24 22:21:41,949 | E | STDERR |   File "/home/nilanjan/projects/ohzas/server_v2/web/common.py", line 17, in <module>
| 2020:06:24 22:21:41,949 | E | STDERR |     from .med.medservicelist import MedServiceListHandler
| 2020:06:24 22:21:41,949 | E | STDERR |   File "/home/nilanjan/projects/ohzas/server_v2/web/med/medservicelist.py", line 674
| 2020:06:24 22:21:41,949 | E | STDERR |     async def delete(self):
| 2020:06:24 22:21:41,949 | E | STDERR |     ^
| 2020:06:24 22:21:41,949 | E | STDERR | IndentationError: unexpected indent
| 2020:06:24 22:23:22,480 | I | root | ------
| 2020:06:24 22:23:22,509 | I | root | lib/log_util.py +50 <module> All Logs written in ./log/run.log
| 2020:06:24 22:23:22,941 | D | asyncio | Using selector: EpollSelector
| 2020:06:24 22:23:23,018 | I | root | lib/conn_util.py +39 MongoMixin MONGO	User Database has been Initialized!
| 2020:06:24 22:23:23,046 | I | root | lib/conn_util.py +58 MongoMixin MONGO	Service Database has been Initialized!
| 2020:06:24 22:23:23,071 | I | root | lib/conn_util.py +77 MongoMixin MONGO	Service Database has been Initialized!
| 2020:06:24 22:23:23,094 | I | root | run.py +111 __init__ APP	Running Tornado Application Port - [ 2331 ]
| 2020:06:24 22:24:11,601 | I | tornado.general | /home/nilanjan/projects/ohzas/server_v2/web/med/medservicelist.py modified; restarting server
| 2020:06:24 22:24:11,679 | I | root | ------
| 2020:06:24 22:24:11,707 | I | root | lib/log_util.py +50 <module> All Logs written in ./log/run.log
| 2020:06:24 22:24:12,122 | D | asyncio | Using selector: EpollSelector
| 2020:06:24 22:24:12,191 | I | root | lib/conn_util.py +39 MongoMixin MONGO	User Database has been Initialized!
| 2020:06:24 22:24:12,219 | I | root | lib/conn_util.py +58 MongoMixin MONGO	Service Database has been Initialized!
| 2020:06:24 22:24:12,245 | I | root | lib/conn_util.py +77 MongoMixin MONGO	Service Database has been Initialized!
| 2020:06:24 22:24:12,249 | E | STDERR | Traceback (most recent call last):
| 2020:06:24 22:24:12,249 | E | STDERR |   File "./run.py", line 4, in <module>
| 2020:06:24 22:24:12,249 | E | STDERR |     from common import *
| 2020:06:24 22:24:12,249 | E | STDERR |   File "/home/nilanjan/projects/ohzas/server_v2/web/common.py", line 17, in <module>
| 2020:06:24 22:24:12,249 | E | STDERR |     from .med.medservicelist import MedServiceListHandler
| 2020:06:24 22:24:12,249 | E | STDERR |   File "/home/nilanjan/projects/ohzas/server_v2/web/med/medservicelist.py", line 734
| 2020:06:24 22:24:12,250 | E | STDERR |     profile = yield self.profile.find(
| 2020:06:24 22:24:12,250 | E | STDERR |                                      ^
| 2020:06:24 22:24:12,250 | E | STDERR | TabError: inconsistent use of tabs and spaces in indentation
| 2020:06:24 22:31:28,618 | I | root | ------
| 2020:06:24 22:31:28,649 | I | root | lib/log_util.py +50 <module> All Logs written in ./log/run.log
| 2020:06:24 22:31:29,104 | D | asyncio | Using selector: EpollSelector
| 2020:06:24 22:31:29,175 | I | root | lib/conn_util.py +39 MongoMixin MONGO	User Database has been Initialized!
| 2020:06:24 22:31:29,215 | I | root | lib/conn_util.py +58 MongoMixin MONGO	Service Database has been Initialized!
| 2020:06:24 22:31:29,255 | I | root | lib/conn_util.py +77 MongoMixin MONGO	Service Database has been Initialized!
| 2020:06:24 22:31:29,262 | E | STDERR | Traceback (most recent call last):
| 2020:06:24 22:31:29,263 | E | STDERR |   File "./run.py", line 4, in <module>
| 2020:06:24 22:31:29,263 | E | STDERR |     from common import *
| 2020:06:24 22:31:29,263 | E | STDERR |   File "/home/nilanjan/projects/ohzas/server_v2/web/common.py", line 17, in <module>
| 2020:06:24 22:31:29,263 | E | STDERR |     from .med.medservicelist import MedServiceListHandler
| 2020:06:24 22:31:29,263 | E | STDERR |   File "/home/nilanjan/projects/ohzas/server_v2/web/med/medservicelist.py", line 520
| 2020:06:24 22:31:29,263 | E | STDERR |     print serviceId
| 2020:06:24 22:31:29,263 | E | STDERR |                   ^
| 2020:06:24 22:31:29,263 | E | STDERR | SyntaxError: Missing parentheses in call to 'print'. Did you mean print(serviceId)?
| 2020:06:24 22:32:25,313 | I | root | ------
| 2020:06:24 22:32:25,343 | I | root | lib/log_util.py +50 <module> All Logs written in ./log/run.log
| 2020:06:24 22:32:25,786 | D | asyncio | Using selector: EpollSelector
| 2020:06:24 22:32:25,866 | I | root | lib/conn_util.py +39 MongoMixin MONGO	User Database has been Initialized!
| 2020:06:24 22:32:25,907 | I | root | lib/conn_util.py +58 MongoMixin MONGO	Service Database has been Initialized!
| 2020:06:24 22:32:25,947 | I | root | lib/conn_util.py +77 MongoMixin MONGO	Service Database has been Initialized!
| 2020:06:24 22:32:25,974 | I | root | run.py +111 __init__ APP	Running Tornado Application Port - [ 2331 ]
| 2020:06:24 22:33:12,607 | I | root | lib/fernet_crypto.py +65 FN_DECRYPT 	
| 2020:06:24 22:33:12,608 | I | root | lib/xen_protocol.py +54 require_auth Authorization	5d232de88d26f4bb9e11367b
| 2020:06:24 22:33:12,611 | I | root | lib/fernet_crypto.py +65 FN_DECRYPT 	
| 2020:06:24 22:33:12,612 | I | root | lib/xen_protocol.py +71 require_auth x-Origin-Key	5e551060234c5ff26752bd45
| 2020:06:24 22:33:12,614 | I | root | lib/xen_protocol.py +86 require_auth x-Api-Key	5e58fd693bf1f7d832254c76
| 2020:06:24 22:33:12,617 | E | tornado.application | Uncaught exception DELETE /v2/web/api/med/servicelist?id=5ef3807551d0f2167ff186d8 (::1)
HTTPServerRequest(protocol='http', host='localhost:2331', method='DELETE', uri='/v2/web/api/med/servicelist?id=5ef3807551d0f2167ff186d8', version='HTTP/1.1', remote_ip='::1')
Traceback (most recent call last):
  File "/home/nilanjan/Downloads/enter/lib/python3.7/site-packages/tornado/web.py", line 1699, in _execute
    result = await result
TypeError: object async_generator can't be used in 'await' expression
| 2020:06:24 22:33:12,618 | E | tornado.access | 500 DELETE /v2/web/api/med/servicelist?id=5ef3807551d0f2167ff186d8 (::1) 18.18ms
| 2020:06:24 22:34:16,982 | I | tornado.general | /home/nilanjan/projects/ohzas/server_v2/web/med/medservicelist.py modified; restarting server
| 2020:06:24 22:34:17,066 | I | root | ------
| 2020:06:24 22:34:17,103 | I | root | lib/log_util.py +50 <module> All Logs written in ./log/run.log
| 2020:06:24 22:34:17,554 | D | asyncio | Using selector: EpollSelector
| 2020:06:24 22:34:17,661 | I | root | lib/conn_util.py +39 MongoMixin MONGO	User Database has been Initialized!
| 2020:06:24 22:34:17,689 | I | root | lib/conn_util.py +58 MongoMixin MONGO	Service Database has been Initialized!
| 2020:06:24 22:34:17,726 | I | root | lib/conn_util.py +77 MongoMixin MONGO	Service Database has been Initialized!
| 2020:06:24 22:34:17,742 | I | root | run.py +111 __init__ APP	Running Tornado Application Port - [ 2331 ]
| 2020:06:24 22:34:19,898 | I | root | ------
| 2020:06:24 22:34:19,932 | I | root | lib/log_util.py +50 <module> All Logs written in ./log/run.log
| 2020:06:24 22:34:20,390 | D | asyncio | Using selector: EpollSelector
| 2020:06:24 22:34:20,458 | I | root | lib/conn_util.py +39 MongoMixin MONGO	User Database has been Initialized!
| 2020:06:24 22:34:20,490 | I | root | lib/conn_util.py +58 MongoMixin MONGO	Service Database has been Initialized!
| 2020:06:24 22:34:20,518 | I | root | lib/conn_util.py +77 MongoMixin MONGO	Service Database has been Initialized!
| 2020:06:24 22:34:20,538 | I | root | run.py +111 __init__ APP	Running Tornado Application Port - [ 2331 ]
| 2020:06:24 22:34:30,602 | I | root | lib/fernet_crypto.py +65 FN_DECRYPT 	
| 2020:06:24 22:34:30,604 | I | root | lib/xen_protocol.py +54 require_auth Authorization	5d232de88d26f4bb9e11367b
| 2020:06:24 22:34:30,606 | I | root | lib/fernet_crypto.py +65 FN_DECRYPT 	
| 2020:06:24 22:34:30,608 | I | root | lib/xen_protocol.py +71 require_auth x-Origin-Key	5e551060234c5ff26752bd45
| 2020:06:24 22:34:30,611 | I | root | lib/xen_protocol.py +86 require_auth x-Api-Key	5e58fd693bf1f7d832254c76
| 2020:06:24 22:34:30,617 | D | root | med/medservicelist.py +770 delete RSP	{'code': 4100, 'status': False, 'message': 'Invalid ID'}
| 2020:06:24 22:34:30,617 | I | tornado.access | 200 DELETE /v2/web/api/med/servicelist?id=5ef3807551d0f2167ff186d8 (::1) 23.46ms
| 2020:06:24 22:36:08,541 | I | tornado.general | /home/nilanjan/projects/ohzas/server_v2/web/med/medservicelist.py modified; restarting server
| 2020:06:24 22:36:08,621 | I | root | ------
| 2020:06:24 22:36:08,648 | I | root | lib/log_util.py +50 <module> All Logs written in ./log/run.log
| 2020:06:24 22:36:09,097 | D | asyncio | Using selector: EpollSelector
| 2020:06:24 22:36:09,176 | I | root | lib/conn_util.py +39 MongoMixin MONGO	User Database has been Initialized!
| 2020:06:24 22:36:09,205 | I | root | lib/conn_util.py +58 MongoMixin MONGO	Service Database has been Initialized!
| 2020:06:24 22:36:09,237 | I | root | lib/conn_util.py +77 MongoMixin MONGO	Service Database has been Initialized!
| 2020:06:24 22:36:09,254 | I | root | run.py +111 __init__ APP	Running Tornado Application Port - [ 2331 ]
| 2020:06:24 22:36:10,381 | I | root | ------
| 2020:06:24 22:36:10,419 | I | root | lib/log_util.py +50 <module> All Logs written in ./log/run.log
| 2020:06:24 22:36:10,870 | D | asyncio | Using selector: EpollSelector
| 2020:06:24 22:36:10,949 | I | root | lib/conn_util.py +39 MongoMixin MONGO	User Database has been Initialized!
| 2020:06:24 22:36:10,987 | I | root | lib/conn_util.py +58 MongoMixin MONGO	Service Database has been Initialized!
| 2020:06:24 22:36:11,017 | I | root | lib/conn_util.py +77 MongoMixin MONGO	Service Database has been Initialized!
| 2020:06:24 22:36:11,036 | I | root | run.py +111 __init__ APP	Running Tornado Application Port - [ 2331 ]
| 2020:06:24 22:36:16,555 | I | root | lib/fernet_crypto.py +65 FN_DECRYPT 	
| 2020:06:24 22:36:16,557 | I | root | lib/xen_protocol.py +54 require_auth Authorization	5d232de88d26f4bb9e11367b
| 2020:06:24 22:36:16,561 | I | root | lib/fernet_crypto.py +65 FN_DECRYPT 	
| 2020:06:24 22:36:16,562 | I | root | lib/xen_protocol.py +71 require_auth x-Origin-Key	5e551060234c5ff26752bd45
| 2020:06:24 22:36:16,564 | I | root | lib/xen_protocol.py +86 require_auth x-Api-Key	5e58fd693bf1f7d832254c76
| 2020:06:24 22:36:16,571 | D | root | med/medservicelist.py +770 delete RSP	{'code': 4100, 'status': False, 'message': 'Invalid ID'}
| 2020:06:24 22:36:16,573 | I | tornado.access | 200 DELETE /v2/web/api/med/servicelist?id=5ef3807551d0f2167ff186d8 (::1) 22.86ms
| 2020:06:24 22:36:19,144 | I | root | lib/fernet_crypto.py +65 FN_DECRYPT 	
| 2020:06:24 22:36:19,146 | I | root | lib/xen_protocol.py +54 require_auth Authorization	5d232de88d26f4bb9e11367b
| 2020:06:24 22:36:19,147 | I | root | lib/fernet_crypto.py +65 FN_DECRYPT 	
| 2020:06:24 22:36:19,148 | I | root | lib/xen_protocol.py +71 require_auth x-Origin-Key	5e551060234c5ff26752bd45
| 2020:06:24 22:36:19,149 | I | root | lib/xen_protocol.py +86 require_auth x-Api-Key	5e58fd693bf1f7d832254c76
| 2020:06:24 22:36:19,151 | D | root | med/medservicelist.py +770 delete RSP	{'code': 4100, 'status': False, 'message': 'Invalid ID'}
| 2020:06:24 22:36:19,151 | I | tornado.access | 200 DELETE /v2/web/api/med/servicelist?id=5ef3807551d0f2167ff186d8 (::1) 9.26ms
| 2020:06:24 22:37:27,544 | I | tornado.general | /home/nilanjan/projects/ohzas/server_v2/web/med/medservicelist.py modified; restarting server
| 2020:06:24 22:37:27,641 | I | root | ------
| 2020:06:24 22:37:27,674 | I | root | lib/log_util.py +50 <module> All Logs written in ./log/run.log
| 2020:06:24 22:37:28,114 | D | asyncio | Using selector: EpollSelector
| 2020:06:24 22:37:28,184 | I | root | lib/conn_util.py +39 MongoMixin MONGO	User Database has been Initialized!
| 2020:06:24 22:37:28,211 | I | root | lib/conn_util.py +58 MongoMixin MONGO	Service Database has been Initialized!
| 2020:06:24 22:37:28,242 | I | root | lib/conn_util.py +77 MongoMixin MONGO	Service Database has been Initialized!
| 2020:06:24 22:37:28,246 | E | STDERR | Traceback (most recent call last):
| 2020:06:24 22:37:28,246 | E | STDERR |   File "./run.py", line 4, in <module>
| 2020:06:24 22:37:28,246 | E | STDERR |     from common import *
| 2020:06:24 22:37:28,246 | E | STDERR |   File "/home/nilanjan/projects/ohzas/server_v2/web/common.py", line 17, in <module>
| 2020:06:24 22:37:28,246 | E | STDERR |     from .med.medservicelist import MedServiceListHandler
| 2020:06:24 22:37:28,247 | E | STDERR |   File "/home/nilanjan/projects/ohzas/server_v2/web/med/medservicelist.py", line 678
| 2020:06:24 22:37:28,247 | E | STDERR |     print (self.request.arguments['id'][0]).decode())
| 2020:06:24 22:37:28,247 | E | STDERR |                                                     ^
| 2020:06:24 22:37:28,247 | E | STDERR | TabError: inconsistent use of tabs and spaces in indentation
| 2020:06:24 22:37:31,212 | I | root | ------
| 2020:06:24 22:37:31,240 | I | root | lib/log_util.py +50 <module> All Logs written in ./log/run.log
| 2020:06:24 22:37:31,687 | D | asyncio | Using selector: EpollSelector
| 2020:06:24 22:37:31,763 | I | root | lib/conn_util.py +39 MongoMixin MONGO	User Database has been Initialized!
| 2020:06:24 22:37:31,802 | I | root | lib/conn_util.py +58 MongoMixin MONGO	Service Database has been Initialized!
| 2020:06:24 22:37:31,845 | I | root | lib/conn_util.py +77 MongoMixin MONGO	Service Database has been Initialized!
| 2020:06:24 22:37:31,854 | E | STDERR | Traceback (most recent call last):
| 2020:06:24 22:37:31,854 | E | STDERR |   File "./run.py", line 4, in <module>
| 2020:06:24 22:37:31,854 | E | STDERR |     from common import *
| 2020:06:24 22:37:31,854 | E | STDERR |   File "/home/nilanjan/projects/ohzas/server_v2/web/common.py", line 17, in <module>
| 2020:06:24 22:37:31,854 | E | STDERR |     from .med.medservicelist import MedServiceListHandler
| 2020:06:24 22:37:31,854 | E | STDERR |   File "/home/nilanjan/projects/ohzas/server_v2/web/med/medservicelist.py", line 678
| 2020:06:24 22:37:31,854 | E | STDERR |     print (self.request.arguments['id'][0]).decode())
| 2020:06:24 22:37:31,855 | E | STDERR |                                                     ^
| 2020:06:24 22:37:31,855 | E | STDERR | TabError: inconsistent use of tabs and spaces in indentation
| 2020:06:24 22:38:16,357 | I | root | ------
| 2020:06:24 22:38:16,391 | I | root | lib/log_util.py +50 <module> All Logs written in ./log/run.log
| 2020:06:24 22:38:16,847 | D | asyncio | Using selector: EpollSelector
| 2020:06:24 22:38:16,922 | I | root | lib/conn_util.py +39 MongoMixin MONGO	User Database has been Initialized!
| 2020:06:24 22:38:16,960 | I | root | lib/conn_util.py +58 MongoMixin MONGO	Service Database has been Initialized!
| 2020:06:24 22:38:17,004 | I | root | lib/conn_util.py +77 MongoMixin MONGO	Service Database has been Initialized!
| 2020:06:24 22:38:17,010 | E | STDERR | Traceback (most recent call last):
| 2020:06:24 22:38:17,010 | E | STDERR |   File "./run.py", line 4, in <module>
| 2020:06:24 22:38:17,010 | E | STDERR |     from common import *
| 2020:06:24 22:38:17,010 | E | STDERR |   File "/home/nilanjan/projects/ohzas/server_v2/web/common.py", line 17, in <module>
| 2020:06:24 22:38:17,010 | E | STDERR |     from .med.medservicelist import MedServiceListHandler
| 2020:06:24 22:38:17,010 | E | STDERR |   File "/home/nilanjan/projects/ohzas/server_v2/web/med/medservicelist.py", line 678
| 2020:06:24 22:38:17,010 | E | STDERR |     print (self.request.arguments['id'][0].decode())
| 2020:06:24 22:38:17,010 | E | STDERR |                                                    ^
| 2020:06:24 22:38:17,011 | E | STDERR | TabError: inconsistent use of tabs and spaces in indentation
| 2020:06:24 22:39:19,918 | I | root | ------
| 2020:06:24 22:39:19,954 | I | root | lib/log_util.py +50 <module> All Logs written in ./log/run.log
| 2020:06:24 22:39:20,405 | D | asyncio | Using selector: EpollSelector
| 2020:06:24 22:39:20,485 | I | root | lib/conn_util.py +39 MongoMixin MONGO	User Database has been Initialized!
| 2020:06:24 22:39:20,517 | I | root | lib/conn_util.py +58 MongoMixin MONGO	Service Database has been Initialized!
| 2020:06:24 22:39:20,545 | I | root | lib/conn_util.py +77 MongoMixin MONGO	Service Database has been Initialized!
| 2020:06:24 22:39:20,551 | E | STDERR | Traceback (most recent call last):
| 2020:06:24 22:39:20,551 | E | STDERR |   File "./run.py", line 4, in <module>
| 2020:06:24 22:39:20,551 | E | STDERR |     from common import *
| 2020:06:24 22:39:20,551 | E | STDERR |   File "/home/nilanjan/projects/ohzas/server_v2/web/common.py", line 17, in <module>
| 2020:06:24 22:39:20,551 | E | STDERR |     from .med.medservicelist import MedServiceListHandler
| 2020:06:24 22:39:20,551 | E | STDERR |   File "/home/nilanjan/projects/ohzas/server_v2/web/med/medservicelist.py", line 678
| 2020:06:24 22:39:20,551 | E | STDERR |     a = self.request.arguments['id'][0].decode()
| 2020:06:24 22:39:20,551 | E | STDERR |                                                ^
| 2020:06:24 22:39:20,551 | E | STDERR | TabError: inconsistent use of tabs and spaces in indentation
| 2020:06:24 22:40:22,398 | I | root | ------
| 2020:06:24 22:40:22,431 | I | root | lib/log_util.py +50 <module> All Logs written in ./log/run.log
| 2020:06:24 22:40:22,888 | D | asyncio | Using selector: EpollSelector
| 2020:06:24 22:40:22,961 | I | root | lib/conn_util.py +39 MongoMixin MONGO	User Database has been Initialized!
| 2020:06:24 22:40:23,002 | I | root | lib/conn_util.py +58 MongoMixin MONGO	Service Database has been Initialized!
| 2020:06:24 22:40:23,031 | I | root | lib/conn_util.py +77 MongoMixin MONGO	Service Database has been Initialized!
| 2020:06:24 22:40:23,037 | E | STDERR | Traceback (most recent call last):
| 2020:06:24 22:40:23,037 | E | STDERR |   File "./run.py", line 4, in <module>
| 2020:06:24 22:40:23,038 | E | STDERR |     from common import *
| 2020:06:24 22:40:23,038 | E | STDERR |   File "/home/nilanjan/projects/ohzas/server_v2/web/common.py", line 17, in <module>
| 2020:06:24 22:40:23,038 | E | STDERR |     from .med.medservicelist import MedServiceListHandler
| 2020:06:24 22:40:23,038 | E | STDERR |   File "/home/nilanjan/projects/ohzas/server_v2/web/med/medservicelist.py", line 678
| 2020:06:24 22:40:23,038 | E | STDERR |     a = self.request.arguments['id'][0]
| 2020:06:24 22:40:23,038 | E | STDERR |                                       ^
| 2020:06:24 22:40:23,038 | E | STDERR | TabError: inconsistent use of tabs and spaces in indentation
| 2020:06:24 22:41:04,269 | I | root | ------
| 2020:06:24 22:41:04,305 | I | root | lib/log_util.py +50 <module> All Logs written in ./log/run.log
| 2020:06:24 22:41:04,764 | D | asyncio | Using selector: EpollSelector
| 2020:06:24 22:41:04,840 | I | root | lib/conn_util.py +39 MongoMixin MONGO	User Database has been Initialized!
| 2020:06:24 22:41:04,879 | I | root | lib/conn_util.py +58 MongoMixin MONGO	Service Database has been Initialized!
| 2020:06:24 22:41:04,918 | I | root | lib/conn_util.py +77 MongoMixin MONGO	Service Database has been Initialized!
| 2020:06:24 22:41:04,926 | E | STDERR | Traceback (most recent call last):
| 2020:06:24 22:41:04,926 | E | STDERR |   File "./run.py", line 4, in <module>
| 2020:06:24 22:41:04,926 | E | STDERR |     from common import *
| 2020:06:24 22:41:04,926 | E | STDERR |   File "/home/nilanjan/projects/ohzas/server_v2/web/common.py", line 17, in <module>
| 2020:06:24 22:41:04,927 | E | STDERR |     from .med.medservicelist import MedServiceListHandler
| 2020:06:24 22:41:04,927 | E | STDERR |   File "/home/nilanjan/projects/ohzas/server_v2/web/med/medservicelist.py", line 678
| 2020:06:24 22:41:04,927 | E | STDERR |     a = self.request.arguments['id'][0]
| 2020:06:24 22:41:04,927 | E | STDERR |                                       ^
| 2020:06:24 22:41:04,927 | E | STDERR | TabError: inconsistent use of tabs and spaces in indentation
